<?xml version="1.0" encoding="UTF-8"?>
<!-- Generated by org.testng.reporters.JUnitReportReporter -->
<testsuite hostname="DESKTOP-ALPJP0F" failures="0" tests="1" name="swayam.testcases.StandaloneTest" time="13.040" errors="0" timestamp="18 Oct 2022 20:20:22 GMT" skipped="0">
  <testcase classname="swayam.testcases.StandaloneTest" name="submitOrder" time="13.040"/>
</testsuite> <!-- swayam.testcases.StandaloneTest -->
