<?xml version="1.0" encoding="UTF-8"?>
<!-- Generated by org.testng.reporters.JUnitReportReporter -->
<testsuite hostname="DESKTOP-ALPJP0F" failures="0" tests="1" name="swayam.StandaloneTest" time="9.751" errors="0" timestamp="18 Oct 2022 12:30:00 GMT" skipped="0">
  <testcase classname="swayam.StandaloneTest" name="submitOrder" time="9.751"/>
</testsuite> <!-- swayam.StandaloneTest -->
